Drill report for E:\Github\Zodiark\ZodiarkSplit\ZodiarkSplit.kicad_pcb
Created on 12/20/2020 11:32:06 PM

Copper Layer Stackup:
    =============================================================
    L1 :  F.Cu                      front
    L2 :  B.Cu                      back


Drill file 'ZodiarkSplit-PTH.drl' contains
    plated through holes:
    =============================================================
    T1  0.01mm  0.000"  (68 holes)
    T2  0.30mm  0.012"  (70 holes)
    T3  0.40mm  0.016"  (230 holes)
    T4  0.50mm  0.020"  (4 holes)
    T5  0.81mm  0.032"  (60 holes)
    T6  1.00mm  0.039"  (13 holes)  (with 8 slots)
    T7  1.30mm  0.051"  (2 holes)
    T8  3.10mm  0.122"  (136 holes)

    Total plated holes count 583


Drill file 'ZodiarkSplit-NPTH.drl' contains
    unplated through holes:
    =============================================================
    T1  1.20mm  0.047"  (4 holes)
    T2  1.50mm  0.059"  (2 holes)  (with 2 slots)
    T3  1.75mm  0.069"  (68 holes)
    T4  2.20mm  0.087"  (7 holes)
    T5  3.50mm  0.138"  (13 holes)
    T6  3.99mm  0.157"  (34 holes)

    Total unplated holes count 128
